[    0.000000] Initializing cgroup subsys cpuset
[    0.000000] Initializing cgroup subsys cpu
[    0.000000] Initializing cgroup subsys cpuacct
[    0.000000] Linux version 4.4.0-210-generic (buildd@lgw01-amd64-009) (gcc version 5.4.0 20160609 (Ubuntu 5.4.0-6ubuntu1~16.04.12) ) #242-Ubuntu SMP Fri Apr 16 09:57:56 UTC 2021 (Ubuntu 4.4.0-210.242-generic 4.4.262)
[    0.000000] Command line: BOOT_IMAGE=/boot/vmlinuz-4.4.0-210-generic root=LABEL=cloudimg-rootfs ro console=tty1 console=ttyS0
[    0.000000] KERNEL supported cpus:
[    0.000000]   Intel GenuineIntel
[    0.000000]   AMD AuthenticAMD
[    0.000000]   Centaur CentaurHauls
[    0.000000] x86/fpu: Legacy x87 FPU detected.
[    0.000000] e820: BIOS-provided physical RAM map:
[    0.000000] BIOS-e820: [mem 0x0000000000000000-0x000000000009fbff] usable
[    0.000000] BIOS-e820: [mem 0x000000000009fc00-0x000000000009ffff] reserved
[    0.000000] BIOS-e820: [mem 0x00000000000f0000-0x00000000000fffff] reserved
[    0.000000] BIOS-e820: [mem 0x0000000000100000-0x000000003ffeffff] usable
[    0.000000] BIOS-e820: [mem 0x000000003fff0000-0x000000003fffffff] ACPI data
[    0.000000] BIOS-e820: [mem 0x00000000fec00000-0x00000000fec00fff] reserved
[    0.000000] BIOS-e820: [mem 0x00000000fee00000-0x00000000fee00fff] reserved
[    0.000000] BIOS-e820: [mem 0x00000000fffc0000-0x00000000ffffffff] reserved
[    0.000000] NX (Execute Disable) protection: active
[    0.000000] SMBIOS 2.5 present.
[    0.000000] Hypervisor detected: KVM
[    0.000000] e820: last_pfn = 0x3fff0 max_arch_pfn = 0x400000000
[    0.000000] MTRR: Disabled
[    0.000000] x86/PAT: MTRRs disabled, skipping PAT initialization too.
[    0.000000] CPU MTRRs all blank - virtualized system.
[    0.000000] x86/PAT: Configuration [0-7]: WB  WT  UC- UC  WB  WT  UC- UC  
[    0.000000] found SMP MP-table at [mem 0x0009fff0-0x0009ffff] mapped at [ffff88000009fff0]
[    0.000000] Scanning 1 areas for low memory corruption
[    0.000000] RAMDISK: [mem 0x362dc000-0x37165fff]
[    0.000000] ACPI: Early table checksum verification disabled
[    0.000000] ACPI: RSDP 0x00000000000E0000 000024 (v02 VBOX  )
[    0.000000] ACPI: XSDT 0x000000003FFF0030 00003C (v01 VBOX   VBOXXSDT 00000001 ASL  00000061)
[    0.000000] ACPI: FACP 0x000000003FFF00F0 0000F4 (v04 VBOX   VBOXFACP 00000001 ASL  00000061)
[    0.000000] ACPI: DSDT 0x000000003FFF0470 002325 (v02 VBOX   VBOXBIOS 00000002 INTL 20100528)
[    0.000000] ACPI: FACS 0x000000003FFF0200 000040
[    0.000000] ACPI: FACS 0x000000003FFF0200 000040
[    0.000000] ACPI: APIC 0x000000003FFF0240 00005C (v02 VBOX   VBOXAPIC 00000001 ASL  00000061)
[    0.000000] ACPI: SSDT 0x000000003FFF02A0 0001CC (v01 VBOX   VBOXCPUT 00000002 INTL 20100528)
[    0.000000] No NUMA configuration found
[    0.000000] Faking a node at [mem 0x0000000000000000-0x000000003ffeffff]
[    0.000000] NODE_DATA(0) allocated [mem 0x3ffeb000-0x3ffeffff]
[    0.000000] kvm-clock: Using msrs 4b564d01 and 4b564d00
[    0.000000] kvm-clock: cpu 0, msr 0:3ffe3001, primary cpu clock
[    0.000000] kvm-clock: using sched offset of 4086833993 cycles
[    0.000000] clocksource: kvm-clock: mask: 0xffffffffffffffff max_cycles: 0x1cd42e4dffb, max_idle_ns: 881590591483 ns
[    0.000000] Zone ranges:
[    0.000000]   DMA      [mem 0x0000000000001000-0x0000000000ffffff]
[    0.000000]   DMA32    [mem 0x0000000001000000-0x000000003ffeffff]
[    0.000000]   Normal   empty
[    0.000000]   Device   empty
[    0.000000] Movable zone start for each node
[    0.000000] Early memory node ranges
[    0.000000]   node   0: [mem 0x0000000000001000-0x000000000009efff]
[    0.000000]   node   0: [mem 0x0000000000100000-0x000000003ffeffff]
[    0.000000] Initmem setup node 0 [mem 0x0000000000001000-0x000000003ffeffff]
[    0.000000] ACPI: PM-Timer IO Port: 0x4008
[    0.000000] IOAPIC[0]: apic_id 2, version 32, address 0xfec00000, GSI 0-23
[    0.000000] ACPI: INT_SRC_OVR (bus 0 bus_irq 0 global_irq 2 dfl dfl)
[    0.000000] ACPI: INT_SRC_OVR (bus 0 bus_irq 9 global_irq 9 low level)
[    0.000000] Using ACPI (MADT) for SMP configuration information
[    0.000000] smpboot: Allowing 2 CPUs, 0 hotplug CPUs
[    0.000000] PM: Registered nosave memory: [mem 0x00000000-0x00000fff]
[    0.000000] PM: Registered nosave memory: [mem 0x0009f000-0x0009ffff]
[    0.000000] PM: Registered nosave memory: [mem 0x000a0000-0x000effff]
[    0.000000] PM: Registered nosave memory: [mem 0x000f0000-0x000fffff]
[    0.000000] e820: [mem 0x40000000-0xfebfffff] available for PCI devices
[    0.000000] Booting paravirtualized kernel on KVM
[    0.000000] clocksource: refined-jiffies: mask: 0xffffffff max_cycles: 0xffffffff, max_idle_ns: 7645519600211568 ns
[    0.000000] setup_percpu: NR_CPUS:512 nr_cpumask_bits:512 nr_cpu_ids:2 nr_node_ids:1
[    0.000000] PERCPU: Embedded 33 pages/cpu @ffff88003fc00000 s95192 r8192 d31784 u1048576
[    0.000000] Built 1 zonelists in Node order, mobility grouping on.  Total pages: 257912
[    0.000000] Policy zone: DMA32
[    0.000000] Kernel command line: BOOT_IMAGE=/boot/vmlinuz-4.4.0-210-generic root=LABEL=cloudimg-rootfs ro console=tty1 console=ttyS0
[    0.000000] PID hash table entries: 4096 (order: 3, 32768 bytes)
[    0.000000] Memory: 997792K/1048120K available (8644K kernel code, 1332K rwdata, 4044K rodata, 1492K init, 1164K bss, 50328K reserved, 0K cma-reserved)
[    0.000000] SLUB: HWalign=64, Order=0-3, MinObjects=0, CPUs=2, Nodes=1
[    0.000000] Kernel/User page tables isolation: enabled
[    0.000000] Hierarchical RCU implementation.
[    0.000000] 	Build-time adjustment of leaf fanout to 64.
[    0.000000] 	RCU restricting CPUs from NR_CPUS=512 to nr_cpu_ids=2.
[    0.000000] RCU: Adjusting geometry for rcu_fanout_leaf=64, nr_cpu_ids=2
[    0.000000] NR_IRQS:33024 nr_irqs:440 16
[    0.000000] Console: colour VGA+ 80x25
[    0.000000] console [tty1] enabled
[    0.000000] console [ttyS0] enabled
[    0.000000] tsc: Detected 2808.000 MHz processor
[    0.677855] Calibrating delay loop (skipped) preset value.. 5616.00 BogoMIPS (lpj=11232000)
[    0.687678] pid_max: default: 32768 minimum: 301
[    0.692822] ACPI: Core revision 20150930
[    0.698216] ACPI: 2 ACPI AML tables successfully acquired and loaded
[    0.706969] Security Framework initialized
[    0.711962] Yama: becoming mindful.
[    0.716049] AppArmor: AppArmor initialized
[    0.721835] Dentry cache hash table entries: 131072 (order: 8, 1048576 bytes)
[    0.741808] Inode-cache hash table entries: 65536 (order: 7, 524288 bytes)
[    0.757858] Mount-cache hash table entries: 2048 (order: 2, 16384 bytes)
[    0.769598] Mountpoint-cache hash table entries: 2048 (order: 2, 16384 bytes)
[    0.782868] Initializing cgroup subsys io
[    0.791209] Initializing cgroup subsys memory
[    0.798954] Initializing cgroup subsys devices
[    0.806067] Initializing cgroup subsys freezer
[    0.813897] Initializing cgroup subsys net_cls
[    0.820726] Initializing cgroup subsys perf_event
[    0.829818] Initializing cgroup subsys net_prio
[    0.835379] Initializing cgroup subsys hugetlb
[    0.844744] Initializing cgroup subsys pids
[    0.851066] mce: CPU supports 0 MCE banks
[    0.858915] Last level iTLB entries: 4KB 64, 2MB 8, 4MB 8
[    0.869131] Last level dTLB entries: 4KB 64, 2MB 0, 4MB 0, 1GB 4
[    0.876156] Spectre V1 : Mitigation: usercopy/swapgs barriers and __user pointer sanitization
[    0.893584] Spectre V2 : Mitigation: Full generic retpoline
[    0.902104] Spectre V2 : Spectre v2 / SpectreRSB mitigation: Filling RSB on context switch
[    0.917935] Speculative Store Bypass: Vulnerable
[    0.926676] MDS: Mitigation: Clear CPU buffers
[    0.983158] Freeing SMP alternatives memory: 36K
[    1.094583] ftrace: allocating 32380 entries in 127 pages
[    1.811036] smpboot: APIC(0) Converting physical 0 to logical package 0
[    1.824937] smpboot: Max logical packages: 1
[    1.847542] ..TIMER: vector=0x30 apic1=0 pin1=2 apic2=-1 pin2=-1
[    1.963968] smpboot: CPU0: Intel(R) Core(TM) i7-7700HQ CPU @ 2.80GHz (family: 0x6, model: 0x9e, stepping: 0x9)
[    1.978609] Performance Events: unsupported p6 CPU model 158 no PMU driver, software events only.
[    2.097660] KVM setup paravirtual spinlock
[    2.105470] x86: Booting SMP configuration:
[    2.110738] .... node  #0, CPUs:      #1
[    2.117284] kvm-clock: cpu 1, msr 0:3ffe3041, secondary cpu clock
[    2.123640] mce: CPU supports 0 MCE banks
[    2.128259] TSC synchronization [CPU#0 -> CPU#1]:
[    2.133627] Measured 53669 cycles TSC warp between CPUs, turning off TSC clock.
[    2.141423] tsc: Marking TSC unstable due to check_tsc_sync_source failed
[    0.568655] x86: Booted up 1 node, 2 CPUs
[    0.572003] smpboot: Total of 2 processors activated (11232.00 BogoMIPS)
[    0.584095] devtmpfs: initialized
[    0.590063] evm: security.selinux
[    0.592005] evm: security.SMACK64
[    0.596003] evm: security.SMACK64EXEC
[    0.600002] evm: security.SMACK64TRANSMUTE
[    0.604003] evm: security.SMACK64MMAP
[    0.608002] evm: security.ima
[    0.612002] evm: security.capability
[    0.616333] clocksource: jiffies: mask: 0xffffffff max_cycles: 0xffffffff, max_idle_ns: 7645041785100000 ns
[    0.620011] futex hash table entries: 512 (order: 3, 32768 bytes)
[    0.624475] pinctrl core: initialized pinctrl subsystem
[    0.628403] RTC time: 12:52:52, date: 06/26/23
[    0.636191] NET: Registered protocol family 16
[    0.652030] cpuidle: using governor ladder
[    0.672015] cpuidle: using governor menu
[    0.676127] PCCT header not found.
[    0.680086] ACPI: bus type PCI registered
[    0.684003] acpiphp: ACPI Hot Plug PCI Controller Driver version: 0.5
[    0.688514] PCI: Using configuration type 1 for base access
[    0.708545] ACPI: Added _OSI(Module Device)
[    0.712003] ACPI: Added _OSI(Processor Device)
[    0.716003] ACPI: Added _OSI(3.0 _SCP Extensions)
[    0.720003] ACPI: Added _OSI(Processor Aggregator Device)
[    0.725480] ACPI: Executed 1 blocks of module-level executable AML code
[    0.737117] ACPI: Interpreter enabled
[    0.740030] ACPI: (supports S0 S5)
[    0.744002] ACPI: Using IOAPIC for interrupt routing
[    0.748381] PCI: Using host bridge windows from ACPI; if necessary, use "pci=nocrs" and report a bug
[    0.762276] ACPI: PCI Root Bridge [PCI0] (domain 0000 [bus 00-ff])
[    0.764009] acpi PNP0A03:00: _OSC: OS supports [ASPM ClockPM Segments MSI]
[    0.768721] acpi PNP0A03:00: _OSC: not requesting OS control; OS requires [ExtendedConfig ASPM ClockPM MSI]
[    0.772031] acpi PNP0A03:00: fail to add MMCONFIG information, can't access extended PCI configuration space under this bridge.
[    0.780315] PCI host bridge to bus 0000:00
[    0.784004] pci_bus 0000:00: root bus resource [io  0x0000-0x0cf7 window]
[    0.788006] pci_bus 0000:00: root bus resource [io  0x0d00-0xffff window]
[    0.792004] pci_bus 0000:00: root bus resource [mem 0x000a0000-0x000bffff window]
[    0.796005] pci_bus 0000:00: root bus resource [mem 0x40000000-0xfdffffff window]
[    0.800005] pci_bus 0000:00: root bus resource [bus 00-ff]
[    0.814579] pci 0000:00:01.1: legacy IDE quirk: reg 0x10: [io  0x01f0-0x01f7]
[    0.816004] pci 0000:00:01.1: legacy IDE quirk: reg 0x14: [io  0x03f6]
[    0.820005] pci 0000:00:01.1: legacy IDE quirk: reg 0x18: [io  0x0170-0x0177]
[    0.828005] pci 0000:00:01.1: legacy IDE quirk: reg 0x1c: [io  0x0376]
[    0.856259] pci 0000:00:07.0: quirk: [io  0x4000-0x403f] claimed by PIIX4 ACPI
[    0.860047] pci 0000:00:07.0: quirk: [io  0x4100-0x410f] claimed by PIIX4 SMB
[    0.876551] ACPI: PCI Interrupt Link [LNKA] (IRQs 5 9 10 *11)
[    0.892378] ACPI: PCI Interrupt Link [LNKB] (IRQs 5 9 *10 11)
[    0.902166] ACPI: PCI Interrupt Link [LNKC] (IRQs 5 *9 10 11)
[    0.912213] ACPI: PCI Interrupt Link [LNKD] (IRQs 5 9 10 *11)
[    0.921605] ACPI: Enabled 2 GPEs in block 00 to 07
[    0.924288] vgaarb: setting as boot device: PCI:0000:00:02.0
[    0.928000] vgaarb: device added: PCI:0000:00:02.0,decodes=io+mem,owns=io+mem,locks=none
[    0.928005] vgaarb: loaded
[    0.932002] vgaarb: bridge control possible 0000:00:02.0
[    0.936673] SCSI subsystem initialized
[    0.940268] ACPI: bus type USB registered
[    0.944021] usbcore: registered new interface driver usbfs
[    0.948040] usbcore: registered new interface driver hub
[    0.952042] usbcore: registered new device driver usb
[    0.956623] PCI: Using ACPI for IRQ routing
[    0.961013] NetLabel: Initializing
[    0.964022] NetLabel:  domain hash size = 128
[    0.968005] NetLabel:  protocols = UNLABELED CIPSOv4
[    0.972021] NetLabel:  unlabeled traffic allowed by default
[    0.976270] amd_nb: Cannot enumerate AMD northbridges
[    0.980353] clocksource: Switched to clocksource kvm-clock
[    0.999265] AppArmor: AppArmor Filesystem Enabled
[    0.999265] pnp: PnP ACPI init
[    0.999265] pnp: PnP ACPI: found 3 devices
[    1.092021] clocksource: acpi_pm: mask: 0xffffff max_cycles: 0xffffff, max_idle_ns: 2085701024 ns
[    1.092295] NET: Registered protocol family 2
[    1.108669] TCP established hash table entries: 8192 (order: 4, 65536 bytes)
[    1.116598] TCP bind hash table entries: 8192 (order: 5, 131072 bytes)
[    1.120282] TCP: Hash tables configured (established 8192 bind 8192)
[    1.120282] UDP hash table entries: 512 (order: 2, 16384 bytes)
[    1.139204] UDP-Lite hash table entries: 512 (order: 2, 16384 bytes)
[    1.147201] NET: Registered protocol family 1
[    1.150999] pci 0000:00:00.0: Limiting direct PCI/PCI transfers
[    1.150999] pci 0000:00:01.0: Activating ISA DMA hang workarounds
[    1.150999] Unpacking initramfs...
[    1.582877] Freeing initrd memory: 14888K
[    1.588251] clocksource: tsc: mask: 0xffffffffffffffff max_cycles: 0x2879c5f06f2, max_idle_ns: 440795220049 ns
[    1.599014] platform rtc_cmos: registered platform RTC device (no PNP device found)
[    1.608314] Scanning for low memory corruption every 60 seconds
[    1.617319] audit: initializing netlink subsys (disabled)
[    1.623661] audit: type=2000 audit(1687783977.125:1): initialized
[    1.631293] Initialise system trusted keyring
[    1.637192] HugeTLB registered 2 MB page size, pre-allocated 0 pages
[    1.647358] zbud: loaded
[    1.651962] VFS: Disk quotas dquot_6.6.0
[    1.656639] VFS: Dquot-cache hash table entries: 512 (order 0, 4096 bytes)
[    1.664898] squashfs: version 4.0 (2009/01/31) Phillip Lougher
[    1.674023] fuse init (API version 7.23)
[    1.679435] Key type big_key registered
[    1.684450] Allocating IMA MOK and blacklist keyrings.
[    1.708874] Key type asymmetric registered
[    1.714667] Asymmetric key parser 'x509' registered
[    1.720465] Block layer SCSI generic (bsg) driver version 0.4 loaded (major 249)
[    1.729117] io scheduler noop registered
[    1.734709] io scheduler deadline registered (default)
[    1.740883] io scheduler cfq registered
[    1.745931] pci_hotplug: PCI Hot Plug PCI Core version: 0.5
[    1.752416] pciehp: PCI Express Hot Plug Controller Driver version: 0.4
[    1.759937] ACPI: AC Adapter [AC] (on-line)
[    1.765256] input: Power Button as /devices/LNXSYSTM:00/LNXPWRBN:00/input/input0
[    1.773666] ACPI: Power Button [PWRF]
[    1.778886] input: Sleep Button as /devices/LNXSYSTM:00/LNXSLPBN:00/input/input1
[    1.788388] ACPI: Sleep Button [SLPF]
[    1.793761] GHES: HEST is not enabled!
[    1.796720] ACPI: Battery Slot [BAT0] (battery present)
[    1.805485] Serial: 8250/16550 driver, 32 ports, IRQ sharing enabled
[    1.840579] 00:02: ttyS0 at I/O 0x3f8 (irq = 4, base_baud = 115200) is a 16550A
[    1.872852] Linux agpgart interface v0.103
[    1.890239] loop: module loaded
[    1.898259] scsi host0: ata_piix
[    1.903805] scsi host1: ata_piix
[    1.907398] ata1: PATA max UDMA/33 cmd 0x1f0 ctl 0x3f6 bmdma 0xd000 irq 14
[    1.907722] ata2: PATA max UDMA/33 cmd 0x170 ctl 0x376 bmdma 0xd008 irq 15
[    1.924332] libphy: Fixed MDIO Bus: probed
[    1.929846] tun: Universal TUN/TAP device driver, 1.6
[    1.937463] tun: (C) 1999-2004 Max Krasnyansky <maxk@qualcomm.com>
[    1.947355] PPP generic driver version 2.4.2
[    1.952737] ehci_hcd: USB 2.0 'Enhanced' Host Controller (EHCI) Driver
[    1.959720] ehci-pci: EHCI PCI platform driver
[    1.965497] ehci-platform: EHCI generic platform driver
[    1.971930] ohci_hcd: USB 1.1 'Open' Host Controller (OHCI) Driver
[    1.978855] ohci-pci: OHCI PCI platform driver
[    1.984514] ohci-platform: OHCI generic platform driver
[    1.990774] uhci_hcd: USB Universal Host Controller Interface driver
[    1.998298] i8042: PNP: PS/2 Controller [PNP0303:PS2K,PNP0f03:PS2M] at 0x60,0x64 irq 1,12
[    2.011866] serio: i8042 KBD port at 0x60,0x64 irq 1
[    2.018343] serio: i8042 AUX port at 0x60,0x64 irq 12
[    2.025290] mousedev: PS/2 mouse device common for all mice
[    2.037099] rtc_cmos rtc_cmos: rtc core: registered rtc_cmos as rtc0
[    2.044625] input: AT Translated Set 2 keyboard as /devices/platform/i8042/serio0/input/input2
[    2.054895] rtc_cmos rtc_cmos: alarms up to one day, 114 bytes nvram
[    2.062487] i2c /dev entries driver
[    2.068250] device-mapper: uevent: version 1.0.3
[    2.075574] device-mapper: ioctl: 4.34.0-ioctl (2015-10-28) initialised: dm-devel@redhat.com
[    2.087621] ledtrig-cpu: registered to indicate activity on CPUs
[    2.141190] NET: Registered protocol family 10
[    2.157466] NET: Registered protocol family 17
[    2.166251] Key type dns_resolver registered
[    2.175458] registered taskstats version 1
[    2.181981] Loading compiled-in X.509 certificates
[    2.188226] Loaded X.509 cert 'Build time autogenerated kernel key: cf00e047681d67edb2720680708b7d9498083038'
[    2.201287] zswap: loaded using pool lzo/zbud
[    2.212811] Key type trusted registered
[    2.230098] Key type encrypted registered
[    2.235572] AppArmor: AppArmor sha1 policy hashing enabled
[    2.242334] ima: No TPM chip found, activating TPM-bypass!
[    2.249053] ima: Allocated hash algorithm: sha1
[    2.254617] evm: HMAC attrs: 0x1
[    2.261169]   Magic number: 11:565:886
[    2.266374]   hash matches /build/linux-3Zqs18/linux-4.4.0/drivers/base/power/main.c:740
[    2.276190] rtc_cmos rtc_cmos: setting system clock to 2023-06-26 12:52:54 UTC (1687783974)
[    2.288612] BIOS EDD facility v0.16 2004-Jun-25, 0 devices found
[    2.295549] EDD information not available.
[    2.303859] Freeing unused kernel memory: 1492K
[    2.310850] Write protecting the kernel read-only data: 14336k
[    2.319418] Freeing unused kernel memory: 1584K
[    2.325748] Freeing unused kernel memory: 52K
Loading, please wait...
starting version 229
[    2.360450] random: udevadm: uninitialized urandom read (16 bytes read, 5 bits of entropy available)
[    2.360491] random: systemd-udevd: uninitialized urandom read (16 bytes read, 5 bits of entropy available)
[    2.360568] random: systemd-udevd: uninitialized urandom read (16 bytes read, 5 bits of entropy available)
[    2.360577] random: systemd-udevd: uninitialized urandom read (16 bytes read, 5 bits of entropy available)
[    2.360586] random: systemd-udevd: uninitialized urandom read (16 bytes read, 5 bits of entropy available)
[    2.416220] random: udevadm: uninitialized urandom read (16 bytes read, 5 bits of entropy available)
[    2.436815] random: systemd-udevd: uninitialized urandom read (16 bytes read, 5 bits of entropy available)
[    2.440709] random: udevadm: uninitialized urandom read (16 bytes read, 5 bits of entropy available)
[    2.440745] random: udevadm: uninitialized urandom read (16 bytes read, 5 bits of entropy available)
[    2.440909] random: udevadm: uninitialized urandom read (16 bytes read, 5 bits of entropy available)
[    2.523176] e1000: Intel(R) PRO/1000 Network Driver - version 7.3.21-k8-NAPI
[    2.532613] e1000: Copyright (c) 1999-2006 Intel Corporation.
[    2.545534] Fusion MPT base driver 3.04.20
[    2.551726] Copyright (c) 1999-2008 LSI Corporation
[    2.605230] Fusion MPT SPI Host driver 3.04.20
[    2.820516] input: ImExPS/2 Generic Explorer Mouse as /devices/platform/i8042/serio1/input/input4
[    3.353594] e1000 0000:00:03.0 eth0: (PCI:33MHz:32-bit) 02:be:82:6b:cc:1d
[    3.361485] e1000 0000:00:03.0 eth0: Intel(R) PRO/1000 Network Connection
[    4.068476] e1000 0000:00:08.0 eth1: (PCI:33MHz:32-bit) 08:00:27:3e:4c:6f
[    4.077629] e1000 0000:00:08.0 eth1: Intel(R) PRO/1000 Network Connection
[    4.087874] e1000 0000:00:03.0 enp0s3: renamed from eth0
[    4.099357] mptbase: ioc0: Initiating bringup
[    4.121254] e1000 0000:00:08.0 enp0s8: renamed from eth1
[    4.189555] ioc0: LSI53C1030 A0: Capabilities={Initiator}
[    4.593421] scsi host2: ioc0: LSI53C1030 A0, FwRev=00000000h, Ports=1, MaxQ=256, IRQ=20
[    4.758551] scsi 2:0:0:0: Direct-Access     VBOX     HARDDISK         1.0  PQ: 0 ANSI: 5
[    4.768586] scsi target2:0:0: Beginning Domain Validation
[    4.785517] scsi target2:0:0: Domain Validation skipping write tests
[    4.792709] scsi target2:0:0: Ending Domain Validation
[    4.799035] scsi target2:0:0: asynchronous
[    4.808800] scsi 2:0:1:0: Direct-Access     VBOX     HARDDISK         1.0  PQ: 0 ANSI: 5
[    4.812748] scsi target2:0:1: Beginning Domain Validation
[    4.835554] scsi target2:0:1: Domain Validation skipping write tests
[    4.844149] scsi target2:0:1: Ending Domain Validation
[    4.851572] scsi target2:0:1: asynchronous
[    4.898385] sd 2:0:0:0: Attached scsi generic sg0 type 0
[    4.899401] sd 2:0:0:0: [sda] 83886080 512-byte logical blocks: (42.9 GB/40.0 GiB)
[    4.900931] sd 2:0:0:0: [sda] Write Protect is off
[    4.901468] sd 2:0:0:0: [sda] Incomplete mode parameter data
[    4.901469] sd 2:0:0:0: [sda] Assuming drive cache: write through
[    4.938984] sd 2:0:1:0: Attached scsi generic sg1 type 0
[    4.940366] sd 2:0:1:0: [sdb] 20480 512-byte logical blocks: (10.5 MB/10.0 MiB)
[    4.941365] sd 2:0:1:0: [sdb] Write Protect is off
[    4.942309] sd 2:0:1:0: [sdb] Incomplete mode parameter data
[    4.942310] sd 2:0:1:0: [sdb] Assuming drive cache: write through
[    4.944016]  sda: sda1
[    4.952612] sd 2:0:0:0: [sda] Attached SCSI disk
[    4.959537] sd 2:0:1:0: [sdb] Attached SCSI disk
Begin: Loading essential drivers ... [    6.746393] md: linear personality registered for level -1
[    6.757645] md: multipath personality registered for level -4
[    6.771068] md: raid0 personality registered for level 0
[    6.795483] md: raid1 personality registered for level 1
[    6.872465] raid6: sse2x1   gen() 10393 MB/s
[    6.944564] raid6: sse2x1   xor()  7906 MB/s
[    7.016326] raid6: sse2x2   gen() 13307 MB/s
[    7.088085] raid6: sse2x2   xor()  9145 MB/s
[    7.160209] raid6: sse2x4   gen() 15222 MB/s
[    7.232488] raid6: sse2x4   xor()  9751 MB/s
[    7.237776] raid6: using algorithm sse2x4 gen() 15222 MB/s
[    7.243922] raid6: .... xor() 9751 MB/s, rmw enabled
[    7.250649] raid6: using ssse3x2 recovery algorithm
[    7.260221] xor: measuring software checksum speed
[   11.198075]    prefetch64-sse: 220495.704 MB/sec
[   13.283316]    generic_sse: -20948.-296 MB/sec
[   13.289427] xor: using function: prefetch64-sse (220495.704 MB/sec)
[   13.300217] async_tx: api initialized (async)
[   13.356746] md: raid6 personality registered for level 6
[   13.363922] md: raid5 personality registered for level 5
[   13.371181] md: raid4 personality registered for level 4
[   13.406062] md: raid10 personality registered for level 10
done.
Begin: Running /scripts/init-premount ... done.
Begin: Mounting root file system ... Begin: Running /scripts/local-top ... done.
Begin: Running /scripts/local-premount ... [   13.505453] Btrfs loaded
Scanning for Btrfs filesystems
done.
Warning: fsck not present, so skipping root file system
[   13.579925] EXT4-fs (sda1): mounted filesystem with ordered data mode. Opts: (null)
done.
Begin: Running /scripts/local-bottom ... done.
Begin: Running /scripts/init-bottom ... done.
[   13.830502] systemd[1]: systemd 229 running in system mode. (+PAM +AUDIT +SELINUX +IMA +APPARMOR +SMACK +SYSVINIT +UTMP +LIBCRYPTSETUP +GCRYPT +GNUTLS +ACL +XZ -LZ4 +SECCOMP +BLKID +ELFUTILS +KMOD -IDN)
[   13.850429] systemd[1]: Detected virtualization oracle.
[   13.857147] systemd[1]: Detected architecture x86-64.

Welcome to [1mUbuntu 16.04.7 LTS[0m!

[   13.879333] systemd[1]: Set hostname to <web01>.
[   14.163234] systemd[1]: Listening on Device-mapper event daemon FIFOs.
[[0;32m  OK  [0m] Listening on Device-mapper event daemon FIFOs.
[   14.178942] systemd[1]: Listening on /dev/initctl Compatibility Named Pipe.
[[0;32m  OK  [0m] Listening on /dev/initctl Compatibility Named Pipe.
[   14.194794] systemd[1]: Listening on LVM2 poll daemon socket.
[[0;32m  OK  [0m] Listening on LVM2 poll daemon socket.
[   14.209875] systemd[1]: Listening on Journal Audit Socket.
[[0;32m  OK  [0m] Listening on Journal Audit Socket.
[   14.223606] systemd[1]: Created slice User and Session Slice.
[[0;32m  OK  [0m] Created slice User and Session Slice.
[   14.240906] systemd[1]: Reached target System Time Synchronized.
[[0;32m  OK  [0m] Reached target System Time Synchronized.
[   14.256836] systemd[1]: Listening on Journal Socket.
[[0;32m  OK  [0m] Listening on Journal Socket.
[   14.271582] systemd[1]: Created slice System Slice.
[[0;32m  OK  [0m] Created slice System Slice.
[   14.300687] systemd[1]: Mounting Huge Pages File System...
         Mounting Huge Pages File System...
[   14.319509] systemd[1]: Reached target Slices.
[[0;32m  OK  [0m] Reached target Slices.
[   14.336451] systemd[1]: Starting Set console keymap...
         Starting Set console keymap...
[   14.369499] systemd[1]: Starting Nameserver information manager...
         Starting Nameserver information manager...
[   14.384891] systemd[1]: Reached target Swap.
[[0;32m  OK  [0m] Reached target Swap.
[   14.397181] systemd[1]: Set up automount Arbitrary Executable File Formats File System Automount Point.
[[0;32m  OK  [0m] Set up automount Arbitrary Executab...ats File System Automount Point.
[   14.416860] systemd[1]: Reached target Encrypted Volumes.
[[0;32m  OK  [0m] Reached target Encrypted Volumes.
[   14.430638] systemd[1]: Listening on Syslog Socket.
[[0;32m  OK  [0m] Listening on Syslog Socket.
[   14.453579] systemd[1]: Mounting POSIX Message Queue File System...
         Mounting POSIX Message Queue File System...
[   14.469017] systemd[1]: Listening on udev Control Socket.
[[0;32m  OK  [0m] Listening on udev Control Socket.
[   14.482306] systemd[1]: Listening on Journal Socket (/dev/log).
[[0;32m  OK  [0m] Listening on Journal Socket (/dev/log).
[   14.497626] systemd[1]: Starting Journal Service...
         Starting Journal Service...
[   14.515417] systemd[1]: Started Trigger resolvconf update for networkd DNS.
[[0;32m  OK  [0m] Started Trigger resolvconf update for networkd DNS.
[   14.537386] systemd[1]: Created slice system-serial\x2dgetty.slice.
[[0;32m  OK  [0m] Created slice system-serial\x2dgetty.slice.
[   14.551583] systemd[1]: Listening on udev Kernel Socket.
[[0;32m  OK  [0m] Listening on udev Kernel Socket.
[   14.577326] systemd[1]: Starting Uncomplicated firewall...
         Starting Uncomplicated firewall...
[   14.591683] systemd[1]: Started Forward Password Requests to Wall Directory Watch.
[[0;32m  OK  [0m] Started Forward Password Requests to Wall Directory Watch.
[   14.609532] systemd[1]: Starting Create list of required static device nodes for the current kernel...
         Starting Create list of required st... nodes for the current kernel...
[   14.630781] systemd[1]: Listening on LVM2 metadata daemon socket.
[[0;32m  OK  [0m] Listening on LVM2 metadata daemon socket.
[   14.647161] systemd[1]: Starting Monitoring of LVM2 mirrors, snapshots etc. using dmeventd or progress polling...
         Starting Monitoring of LVM2 mirrors... dmeventd or progress polling...
[   14.674977] systemd[1]: Starting Load Kernel Modules...
         Starting Load Kernel Modules...
[   14.696469] systemd[1]: Listening on fsck to fsckd communication Socket.
[[   14.709912] Loading iSCSI transport class v2.0-870.
[0;32m  OK  [0m] Listening on fsck to fsckd communication Socket.
[   14.720438] systemd[1]: Starting File System Check on Root Device...
         Starting File System Check on Root Device...
[   14.743912] systemd[1]: Mounting Debug File System...
[   14.757932] iscsi: registered transport (tcp)
         Mounting Debug File System...
[   14.766969] systemd[1]: Reached target User and Group Name Lookups.
[[0;32m  OK  [0m] Reached target User and Group Name Lookups.
[   14.788801] systemd[1]: Mounted Huge Pages File System.
[   14.796706] random: nonblocking pool is initialized
[[0;32m  OK  [0m] Mounted Huge Pages File System.
[   14.816895] systemd[1]: Mounted POSIX Message Queue File System.
[[0;32m  OK  [0m] Mounted POSIX Message Queue File System.
[   14.836796] systemd[1]: Mounted Debug File System.
[[0;32m  OK  [0m] Mounted Debug File System.
[   14.856081] systemd[1]: Started Journal Service.
[[0;32m  OK  [0m] Started Journal Service.
[[0;32m  OK  [0m] Started Set console keymap.
[[0;32m  OK  [0m] Started Uncomplicated firewall.
[   14.917892] iscsi: registered transport (iser)
[[0;32m  OK  [0m] Started Create list of required sta...ce nodes for the current kernel.
[[0;32m  OK  [0m] Started Load Kernel Modules.
[[0;32m  OK  [0m] Started File System Check on Root Device.
[[0;32m  OK  [0m] Started Nameserver information manager.
[[0;32m  OK  [0m] Started LVM2 metadata daemon.
[[0;32m  OK  [0m] Started File System Check Daemon to report status.
         Starting Remount Root and Kernel File Systems...
         Mounting FUSE Control File System...
         Starting Apply Kernel Variables...
[   15.010645] EXT4-fs (sda1): re-mounted. Opts: (null)
         Starting Create Static Device Nodes in /dev...
[[0;32m  OK  [0m] Mounted FUSE Control File System.
[[0;32m  OK  [0m] Started Remount Root and Kernel File Systems.
         Starting Flush Journal to Persistent Storage...
         Starting udev Coldplug all Devices...
         Starting Load/Save Random Seed...
[   15.063351] systemd-journald[371]: Received request to flush runtime journal from PID 1
[[0;32m  OK  [0m] Started Load/Save Random Seed.
[[0;32m  OK  [0m] Started Apply Kernel Variables.
[[0;32m  OK  [0m] Started Flush Journal to Persistent Storage.
[[0;32m  OK  [0m] Started Create Static Device Nodes in /dev.
         Starting udev Kernel Device Manager...
[[0;32m  OK  [0m] Started udev Coldplug all Devices.
[[0;32m  OK  [0m] Started udev Kernel Device Manager.
[[0;32m  OK  [0m] Started Dispatch Password Requests to Console Directory Watch.
[[0;32m  OK  [0m] Found device /dev/ttyS0.
[[0;32m  OK  [0m] Listening on Load/Save RF Kill Switch Status /dev/rfkill Watch.
[[0;32m  OK  [0m] Started Monitoring of LVM2 mirrors,...ng dmeventd or progress polling.
[[0;32m  OK  [0m] Reached target Local File Systems (Pre).
[[0;32m  OK  [0m] Reached target Local File Systems.
         Starting Tell Plymouth To Write Out Runtime Data...
         Starting LSB: AppArmor initialization...
         Starting Set console font and keymap...
         Starting Initial cloud-init job (pre-networking)...
         Starting Create Volatile Files and Directories...
[[0;32m  OK  [0m] Started Tell Plymouth To Write Out Runtime Data.
[[0;32m  OK  [0m] Started Create Volatile Files and Directories.
[[0;32m  OK  [0m] Started LSB: AppArmor initialization.
         Starting Load AppArmor profiles managed internally by snapd...
         Starting Update UTMP about System Boot/Shutdown...
[   17.103825] cloud-init[541]: Cloud-init v. 21.1-19-gbad84ad4-0ubuntu1~16.04.2 running 'init-local' at Mon, 26 Jun 2023 12:53:08 +0000. Up 16.75 seconds.
[[0;32m  OK  [0m] Started Load AppArmor profiles managed internally by snapd.
[[0;32m  OK  [0m] Started Initial cloud-init job (pre-networking).
[[0;32m  OK  [0m] Reached target Network (Pre).
[[0;32m  OK  [0m] Started ifup for enp0s3.
[[0;32m  OK  [0m] Started ifup for enp0s8.
         Starting Raise network interfaces...
[[0;32m  OK  [0m] Started Update UTMP about System Boot/Shutdown.
[[0;32m  OK  [0m] Found device 82540EM Gigabit Ethern...r (PRO/1000 MT Desktop Adapter).
[[0;32m  OK  [0m] Found device 82540EM Gigabit Ethern...r (PRO/1000 MT Desktop Adapter).
[[0;32m  OK  [0m] Started Set console font and keymap.
[[0;32m  OK  [0m] Created slice system-getty.slice.
[[0;32m  OK  [0m] Started Raise network interfaces.
[[0;32m  OK  [0m] Reached target Network.
         Starting Initial cloud-init job (metadata service crawler)...
[   18.925426] cloud-init[1065]: Cloud-init v. 21.1-19-gbad84ad4-0ubuntu1~16.04.2 running 'init' at Mon, 26 Jun 2023 12:53:10 +0000. Up 18.61 seconds.
[   18.933201] cloud-init[1065]: ci-info: ++++++++++++++++++++++++++++++++++++++Net device info+++++++++++++++++++++++++++++++++++++++
[   18.941059] cloud-init[1065]: ci-info: +--------+------+-----------------------------+---------------+--------+-------------------+
[   18.947716] cloud-init[1065]: ci-info: | Device |  Up  |           Address           |      Mask     | Scope  |     Hw-Address    |
[   18.955489] cloud-init[1065]: ci-info: +--------+------+-----------------------------+---------------+--------+-------------------+
[   18.962585] cloud-init[1065]: ci-info: | enp0s3 | True |          10.0.2.15          | 255.255.255.0 | global | 02:be:82:6b:cc:1d |
[   18.969154] cloud-init[1065]: ci-info: | enp0s3 | True |  fe80::be:82ff:fe6b:cc1d/64 |       .       |  link  | 02:be:82:6b:cc:1d |
[   18.975850] cloud-init[1065]: ci-info: | enp0s8 | True |        192.168.56.11        | 255.255.255.0 | global | 08:00:27:3e:4c:6f |
[   18.982746] cloud-init[1065]: ci-info: | enp0s8 | True | fe80::a00:27ff:fe3e:4c6f/64 |       .       |  link  | 08:00:27:3e:4c:6f |
[   18.989571] cloud-init[1065]: ci-info: |   lo   | True |          127.0.0.1          |   255.0.0.0   |  host  |         .         |
[   18.997342] cloud-init[1065]: ci-info: |   lo   | True |           ::1/128           |       .       |  host  |         .         |
[   19.003836] cloud-init[1065]: ci-info: +--------+------+-----------------------------+---------------+--------+-------------------+
[   19.011291] cloud-init[1065]: ci-info: ++++++++++++++++++++++++++++Route IPv4 info++++++++++++++++++++++++++++
[   19.017785] cloud-init[1065]: ci-info: +-------+--------------+----------+---------------+-----------+-------+
[   19.023833] cloud-init[1065]: ci-info: | Route | Destination  | Gateway  |    Genmask    | Interface | Flags |
[   19.030829] cloud-init[1065]: ci-info: +-------+--------------+----------+---------------+-----------+-------+
[   19.037170] cloud-init[1065]: ci-info: |   0   |   0.0.0.0    | 10.0.2.2 |    0.0.0.0    |   enp0s3  |   UG  |
[   19.043272] cloud-init[1065]: ci-info: |   1   |   10.0.2.0   | 0.0.0.0  | 255.255.255.0 |   enp0s3  |   U   |
[   19.050093] cloud-init[1065]: ci-info: |   2   | 192.168.56.0 | 0.0.0.0  | 255.255.255.0 |   enp0s8  |   U   |
[   19.056900] cloud-init[1065]: ci-info: +-------+--------------+----------+---------------+-----------+-------+
[   19.063121] cloud-init[1065]: ci-info: +++++++++++++++++++Route IPv6 info+++++++++++++++++++
[   19.068911] cloud-init[1065]: ci-info: +-------+-------------+---------+-----------+-------+
[   19.075045] cloud-init[1065]: ci-info: | Route | Destination | Gateway | Interface | Flags |
[   19.082224] cloud-init[1065]: ci-info: +-------+-------------+---------+-----------+-------+
[   19.088204] cloud-init[1065]: ci-info: |   0   |  fe80::/64  |    ::   |   enp0s3  |   U   |
[   19.095286] cloud-init[1065]: ci-info: |   1   |  fe80::/64  |    ::   |   enp0s8  |   U   |
[   19.101806] cloud-init[1065]: ci-info: |   4   |   ff00::/8  |    ::   |   enp0s3  |   U   |
[   19.107126] cloud-init[1065]: ci-info: |   5   |   ff00::/8  |    ::   |   enp0s8  |   U   |
[   19.112565] cloud-init[1065]: ci-info: +-------+-------------+---------+-----------+-------+
[[0;32m  OK  [0m] Started Initial cloud-init job (metadata service crawler).
[[0;32m  OK  [0m] Reached target Network is Online.
         Starting iSCSI initiator daemon (iscsid)...
[[0;32m  OK  [0m] Reached target Cloud-config availability.
[[0;32m  OK  [0m] Reached target System Initialization.
[[0;32m  OK  [0m] Listening on UUID daemon activation socket.
[[0;32m  OK  [0m] Started Ubuntu Advantage update messaging.
         Starting Socket activation for snappy daemon.
[[0;32m  OK  [0m] Started ACPI Events Check.
[[0;32m  OK  [0m] Reached target Paths.
[[0;32m  OK  [0m] Listening on D-Bus System Message Bus Socket.
[[0;32m  OK  [0m] Started Daily apt download activities.
         Starting LXD - unix socket.
[[0;32m  OK  [0m] Started Daily apt upgrade and clean activities.
[[0;32m  OK  [0m] Listening on ACPID Listen Socket.
[[0;32m  OK  [0m] Started Message of the Day.
[[0;32m  OK  [0m] Started Daily Cleanup of Temporary Directories.
[[0;32m  OK  [0m] Reached target Timers.
[[0;32m  OK  [0m] Listening on Socket activation for snappy daemon.
[[0;32m  OK  [0m] Listening on LXD - unix socket.
[[0;32m  OK  [0m] Started iSCSI initiator daemon (iscsid).
         Starting Login to default iSCSI targets...
[[0;32m  OK  [0m] Reached target Sockets.
[[0;32m  OK  [0m] Reached target Basic System.
         Starting System Logging Service...
[[0;32m  OK  [0m] Started D-Bus System Message Bus.
         Starting A high performance web server and a reverse proxy server...
         Starting Login Service...
         Starting LSB: MD monitoring daemon...
[[0;32m  OK  [0m] Started ACPI event daemon.
         Starting LSB: Record successful boot for GRUB...
[[0;32m  OK  [0m] Started Deferred execution scheduler.
         Starting Accounts Service...
         Starting Snap Daemon...
[[0;32m  OK  [0m] Started Regular background program processing daemon.
         Starting Virtualbox guest utils...
         Starting OpenBSD Secure Shell server...
         Starting LXD - container startup/shutdown...
         Starting /etc/rc.local Compatibility...
[[0;32m  OK  [0m] Started FUSE filesystem for LXC.
[[0;32m  OK  [0m] Started System Logging Service.
[[0;32m  OK  [0m] Started /etc/rc.local Compatibility.
[[0;32m  OK  [0m] Started Login Service.
         Starting Authenticate and Authorize Users to Run Privileged Tasks...
[[0;32m  OK  [0m] Started Unattended Upgrades Shutdown.
[[0;32m  OK  [0m] Started Login to default iSCSI targets.
[[0;32m  OK  [0m] Reached target Remote File Systems (Pre).
         Mounting /vagrant...
[[0;32m  OK  [0m] Started LSB: MD monitoring daemon.
[[0;32m  OK  [0m] Started LSB: Record successful boot for GRUB.
[[0;1;31mFAILED[0m] Failed to mount /vagrant.
See 'systemctl status vagrant.mount' for details.
[[0;1;33mDEPEND[0m] Dependency failed for Remote File Systems.
[[0;32m  OK  [0m] Started A high performance web server and a reverse proxy server.
[[0;32m  OK  [0m] Started Authenticate and Authorize Users to Run Privileged Tasks.
[[0;32m  OK  [0m] Started Accounts Service.
         Starting LSB: daemon to balance interrupts for SMP systems...
         Starting LSB: Set the CPU Frequency Scaling governor to "ondemand"...
         Starting LSB: automatic crash report generation...
         Starting Permit User Sessions...
[[0;32m  OK  [0m] Started Permit User Sessions.
         Starting Terminate Plymouth Boot Screen...
         Starting Hold until boot process finishes up...
[[0;32m  OK  [0m] Started Hold until boot process finishes up.
[[0;32m  OK  [0m] Started Terminate Plymouth Boot Screen.
         Starting Set console scheme...
[[0;32m  OK  [0m] Started Serial Getty on ttyS0.
[[0;32m  OK  [0m] Started Getty on tty1.
[[0;32m  OK  [0m] Reached target Login Prompts.
[[0;32m  OK  [0m] Started OpenBSD Secure Shell server.
[[0;32m  OK  [0m] Started Set console scheme.
[[0;32m  OK  [0m] Started LSB: Set the CPU Frequency Scaling governor to "ondemand".
[[0;32m  OK  [0m] Started LSB: daemon to balance interrupts for SMP systems.
[[0;32m  OK  [0m] Started LSB: automatic crash report generation.
[[0;32m  OK  [0m] Started LXD - container startup/shutdown.
[[0;32m  OK  [0m] Started Virtualbox guest utils.
[[0;32m  OK  [0m] Started Snap Daemon.
         Starting Wait until snapd is fully seeded...
[[0;32m  OK  [0m] Started Wait until snapd is fully seeded.
         Starting Apply the settings specified in cloud-config...
[[0;32m  OK  [0m] Reached target Multi-User System.
[[0;32m  OK  [0m] Reached target Graphical Interface.
         Starting Update UTMP about System Runlevel Changes...
[[0;32m  OK  [0m] Started Update UTMP about System Runlevel Changes.
[   21.066814] cloud-init[1325]: Cloud-init v. 21.1-19-gbad84ad4-0ubuntu1~16.04.2 running 'modules:config' at Mon, 26 Jun 2023 12:53:13 +0000. Up 20.95 seconds.
[[0;32m  OK  [0m] Started Apply the settings specified in cloud-config.
         Starting Execute cloud user/final scripts...
[   21.508304] cloud-init[1338]: Cloud-init v. 21.1-19-gbad84ad4-0ubuntu1~16.04.2 running 'modules:final' at Mon, 26 Jun 2023 12:53:13 +0000. Up 21.39 seconds.
[   21.520336] cloud-init[1338]: Cloud-init v. 21.1-19-gbad84ad4-0ubuntu1~16.04.2 finished at Mon, 26 Jun 2023 12:53:13 +0000. Datasource DataSourceNoCloud [seed=/dev/sdb][dsmode=net].  Up 21.50 seconds
[[0;32m  OK  [0m] Started Execute cloud user/final scripts.
[[0;32m  OK  [0m] Reached target Cloud-init target.

Ubuntu 16.04.7 LTS web01 ttyS0

web01 login: 